<?xml version="1.0" encoding="UTF-8"?>
<!-- Generated by org.testng.reporters.JUnitReportReporter -->
<testsuite hostname="DESKTOP-TV6HHHE" failures="0" tests="4" name="project.Ubuy" time="127.473" errors="0" timestamp="2020-08-21T17:32:07 IST" skipped="0">
  <testcase classname="project.Ubuy" name="searchItem" time="6.457"/>
  <system-out/>
  <testcase classname="project.Ubuy" name="searchItem" time="2.727"/>
  <system-out/>
  <testcase classname="project.Ubuy" name="addToCart" time="60.375"/>
  <system-out/>
  <testcase classname="project.Ubuy" name="addToCart" time="57.914"/>
  <system-out/>
</testsuite> <!-- project.Ubuy -->
